Build started 9/23/2018 1:19:42 PM.
     1>Project "C:\Users\jobla\Documents\Visual Studio 2010\Projects\fontconvert\fontconvert\fontconvert.vcxproj" on node 2 (build target(s)).
     1>InitializeBuildStatus:
         Creating "Debug\fontconvert.unsuccessfulbuild" because "AlwaysCreate" was specified.
       ClCompile:
         C:\Program Files (x86)\Microsoft Visual Studio 10.0\VC\bin\CL.exe /c /Ic:\freetype291\include /I"c:\users\jobla\documents\arduino\libraries\adafruit-gfx-library-master\fontconvert" /I"c:\users\jobla\documents\arduino\libraries\adafruit-gfx-library-master" /ZI /nologo /W3 /WX- /Od /Oy- /D WIN32 /D _DEBUG /D _CONSOLE /D _UNICODE /D UNICODE /Gm /EHsc /RTC1 /MDd /GS /fp:precise /Zc:wchar_t /Zc:forScope /Fo"Debug\\" /Fd"Debug\vc100.pdb" /Gd /TC /analyze- /errorReport:prompt "..\..\..\..\Arduino\libraries\Adafruit-GFX-Library-master\fontconvert\fontconvert.c"
         fontconvert.c
     1>c:\users\jobla\documents\arduino\libraries\adafruit-gfx-library-master\fontconvert\fontconvert.c(106): warning C4996: 'strcpy': This function or variable may be unsafe. Consider using strcpy_s instead. To disable deprecation, use _CRT_SECURE_NO_WARNINGS. See online help for details.
                 c:\program files (x86)\microsoft visual studio 10.0\vc\include\string.h(105) : see declaration of 'strcpy'
     1>c:\users\jobla\documents\arduino\libraries\adafruit-gfx-library-master\fontconvert\fontconvert.c(111): warning C4996: 'sprintf': This function or variable may be unsafe. Consider using sprintf_s instead. To disable deprecation, use _CRT_SECURE_NO_WARNINGS. See online help for details.
                 c:\program files (x86)\microsoft visual studio 10.0\vc\include\stdio.h(371) : see declaration of 'sprintf'
     1>c:\users\jobla\documents\arduino\libraries\adafruit-gfx-library-master\fontconvert\fontconvert.c(183): warning C4244: '=' : conversion from 'FT_Pos' to 'uint8_t', possible loss of data
     1>c:\users\jobla\documents\arduino\libraries\adafruit-gfx-library-master\fontconvert\fontconvert.c(187): warning C4018: '<' : signed/unsigned mismatch
     1>c:\users\jobla\documents\arduino\libraries\adafruit-gfx-library-master\fontconvert\fontconvert.c(188): warning C4018: '<' : signed/unsigned mismatch
       ResourceCompile:
         All outputs are up-to-date.
       ManifestResourceCompile:
         All outputs are up-to-date.
       Link:
         C:\Program Files (x86)\Microsoft Visual Studio 10.0\VC\bin\link.exe /ERRORREPORT:PROMPT /OUT:"C:\Users\jobla\Documents\Visual Studio 2010\Projects\fontconvert\Debug\fontconvert.exe" /INCREMENTAL /LIBPATH:c:\freetype2351\lib /FORCE:UNRESOLVED freetype.lib freetype.lib kernel32.lib user32.lib gdi32.lib winspool.lib comdlg32.lib advapi32.lib shell32.lib ole32.lib oleaut32.lib uuid.lib odbc32.lib odbccp32.lib /MANIFEST /ManifestFile:"Debug\fontconvert.exe.intermediate.manifest" /MANIFESTUAC:"level='asInvoker' uiAccess='false'" /DEBUG /PDB:"C:\Users\jobla\Documents\Visual Studio 2010\Projects\fontconvert\Debug\fontconvert.pdb" /SUBSYSTEM:CONSOLE /TLBID:1 /DYNAMICBASE /NXCOMPAT /IMPLIB:"c:\freetype291\objs\x64\release\freetype.dll" /MACHINE:X86 Debug\fontconvert.res
         Debug\fontconvert.exe.embed.manifest.res
         Debug\fontconvert.obj /verbose:lib /verbose:lib  /LIBPATH:"c:\MinGW\lib" 
         Microsoft (R) Incremental Linker Version 10.00.40219.01
         Copyright (C) Microsoft Corporation.  All rights reserved.
         
         "/OUT:C:\Users\jobla\Documents\Visual Studio 2010\Projects\fontconvert\Debug\fontconvert.exe" /INCREMENTAL /LIBPATH:c:\freetype2351\lib /FORCE:UNRESOLVED freetype.lib freetype.lib kernel32.lib user32.lib gdi32.lib winspool.lib comdlg32.lib advapi32.lib shell32.lib ole32.lib oleaut32.lib uuid.lib odbc32.lib odbccp32.lib /MANIFEST "/ManifestFile:Debug\fontconvert.exe.intermediate.manifest" "/MANIFESTUAC:level='asInvoker' uiAccess='false'" /DEBUG "/PDB:C:\Users\jobla\Documents\Visual Studio 2010\Projects\fontconvert\Debug\fontconvert.pdb" /SUBSYSTEM:CONSOLE /TLBID:1 /DYNAMICBASE /NXCOMPAT "/IMPLIB:c:\freetype291\objs\x64\release\freetype.dll" /MACHINE:X86 Debug\fontconvert.res 
         Debug\fontconvert.exe.embed.manifest.res 
         Debug\fontconvert.obj /verbose:lib /verbose:lib "/LIBPATH:c:\MinGW\lib" 
     1>LINK : warning LNK4075: ignoring '/INCREMENTAL' due to '/FORCE' specification
         
         Searching libraries
             Searching c:\freetype2351\lib\freetype.lib:
             Searching C:\Program Files (x86)\Microsoft SDKs\Windows\v7.0A\lib\kernel32.lib:
             Searching C:\Program Files (x86)\Microsoft SDKs\Windows\v7.0A\lib\user32.lib:
             Searching C:\Program Files (x86)\Microsoft SDKs\Windows\v7.0A\lib\gdi32.lib:
             Searching C:\Program Files (x86)\Microsoft SDKs\Windows\v7.0A\lib\winspool.lib:
             Searching C:\Program Files (x86)\Microsoft SDKs\Windows\v7.0A\lib\comdlg32.lib:
             Searching C:\Program Files (x86)\Microsoft SDKs\Windows\v7.0A\lib\advapi32.lib:
             Searching C:\Program Files (x86)\Microsoft SDKs\Windows\v7.0A\lib\shell32.lib:
             Searching C:\Program Files (x86)\Microsoft SDKs\Windows\v7.0A\lib\ole32.lib:
             Searching C:\Program Files (x86)\Microsoft SDKs\Windows\v7.0A\lib\oleaut32.lib:
             Searching C:\Program Files (x86)\Microsoft SDKs\Windows\v7.0A\lib\uuid.lib:
             Searching C:\Program Files (x86)\Microsoft SDKs\Windows\v7.0A\lib\odbc32.lib:
             Searching C:\Program Files (x86)\Microsoft SDKs\Windows\v7.0A\lib\odbccp32.lib:
             Searching C:\Program Files (x86)\Microsoft Visual Studio 10.0\VC\lib\msvcprtd.lib:
             Searching C:\Program Files (x86)\Microsoft Visual Studio 10.0\VC\lib\MSVCRTD.lib:
             Searching C:\Program Files (x86)\Microsoft Visual Studio 10.0\VC\lib\OLDNAMES.lib:
             Searching c:\freetype2351\lib\freetype.lib:
             Searching C:\Program Files (x86)\Microsoft SDKs\Windows\v7.0A\lib\kernel32.lib:
             Searching C:\Program Files (x86)\Microsoft SDKs\Windows\v7.0A\lib\user32.lib:
             Searching C:\Program Files (x86)\Microsoft SDKs\Windows\v7.0A\lib\gdi32.lib:
             Searching C:\Program Files (x86)\Microsoft SDKs\Windows\v7.0A\lib\winspool.lib:
             Searching C:\Program Files (x86)\Microsoft SDKs\Windows\v7.0A\lib\comdlg32.lib:
             Searching C:\Program Files (x86)\Microsoft SDKs\Windows\v7.0A\lib\advapi32.lib:
             Searching C:\Program Files (x86)\Microsoft SDKs\Windows\v7.0A\lib\shell32.lib:
             Searching C:\Program Files (x86)\Microsoft SDKs\Windows\v7.0A\lib\ole32.lib:
             Searching C:\Program Files (x86)\Microsoft SDKs\Windows\v7.0A\lib\oleaut32.lib:
             Searching C:\Program Files (x86)\Microsoft SDKs\Windows\v7.0A\lib\uuid.lib:
             Searching C:\Program Files (x86)\Microsoft SDKs\Windows\v7.0A\lib\odbc32.lib:
             Searching C:\Program Files (x86)\Microsoft SDKs\Windows\v7.0A\lib\odbccp32.lib:
             Searching C:\Program Files (x86)\Microsoft Visual Studio 10.0\VC\lib\msvcprtd.lib:
             Searching C:\Program Files (x86)\Microsoft Visual Studio 10.0\VC\lib\MSVCRTD.lib:
             Searching C:\Program Files (x86)\Microsoft Visual Studio 10.0\VC\lib\OLDNAMES.lib:
             Searching c:\freetype2351\lib\freetype.lib:
         
         Finished searching libraries
         
         Searching libraries
             Searching c:\freetype2351\lib\freetype.lib:
             Searching C:\Program Files (x86)\Microsoft SDKs\Windows\v7.0A\lib\kernel32.lib:
             Searching C:\Program Files (x86)\Microsoft SDKs\Windows\v7.0A\lib\user32.lib:
             Searching C:\Program Files (x86)\Microsoft SDKs\Windows\v7.0A\lib\gdi32.lib:
             Searching C:\Program Files (x86)\Microsoft SDKs\Windows\v7.0A\lib\winspool.lib:
             Searching C:\Program Files (x86)\Microsoft SDKs\Windows\v7.0A\lib\comdlg32.lib:
             Searching C:\Program Files (x86)\Microsoft SDKs\Windows\v7.0A\lib\advapi32.lib:
             Searching C:\Program Files (x86)\Microsoft SDKs\Windows\v7.0A\lib\shell32.lib:
             Searching C:\Program Files (x86)\Microsoft SDKs\Windows\v7.0A\lib\ole32.lib:
             Searching C:\Program Files (x86)\Microsoft SDKs\Windows\v7.0A\lib\oleaut32.lib:
             Searching C:\Program Files (x86)\Microsoft SDKs\Windows\v7.0A\lib\uuid.lib:
             Searching C:\Program Files (x86)\Microsoft SDKs\Windows\v7.0A\lib\odbc32.lib:
             Searching C:\Program Files (x86)\Microsoft SDKs\Windows\v7.0A\lib\odbccp32.lib:
             Searching C:\Program Files (x86)\Microsoft Visual Studio 10.0\VC\lib\msvcprtd.lib:
             Searching C:\Program Files (x86)\Microsoft Visual Studio 10.0\VC\lib\MSVCRTD.lib:
             Searching C:\Program Files (x86)\Microsoft Visual Studio 10.0\VC\lib\OLDNAMES.lib:
             Searching c:\freetype2351\lib\freetype.lib:
             Searching C:\Program Files (x86)\Microsoft SDKs\Windows\v7.0A\lib\kernel32.lib:
             Searching C:\Program Files (x86)\Microsoft SDKs\Windows\v7.0A\lib\user32.lib:
             Searching C:\Program Files (x86)\Microsoft SDKs\Windows\v7.0A\lib\gdi32.lib:
             Searching C:\Program Files (x86)\Microsoft SDKs\Windows\v7.0A\lib\winspool.lib:
             Searching C:\Program Files (x86)\Microsoft SDKs\Windows\v7.0A\lib\comdlg32.lib:
             Searching C:\Program Files (x86)\Microsoft SDKs\Windows\v7.0A\lib\advapi32.lib:
             Searching C:\Program Files (x86)\Microsoft SDKs\Windows\v7.0A\lib\shell32.lib:
             Searching C:\Program Files (x86)\Microsoft SDKs\Windows\v7.0A\lib\ole32.lib:
             Searching C:\Program Files (x86)\Microsoft SDKs\Windows\v7.0A\lib\oleaut32.lib:
             Searching C:\Program Files (x86)\Microsoft SDKs\Windows\v7.0A\lib\uuid.lib:
             Searching C:\Program Files (x86)\Microsoft SDKs\Windows\v7.0A\lib\odbc32.lib:
             Searching C:\Program Files (x86)\Microsoft SDKs\Windows\v7.0A\lib\odbccp32.lib:
             Searching C:\Program Files (x86)\Microsoft Visual Studio 10.0\VC\lib\msvcprtd.lib:
         
         Finished searching libraries
       Manifest:
         C:\Program Files (x86)\Microsoft SDKs\Windows\v7.0A\bin\mt.exe /nologo /verbose /out:"Debug\fontconvert.exe.embed.manifest" /manifest Debug\fontconvert.exe.intermediate.manifest
         All outputs are up-to-date.
       LinkEmbedManifest:
         All outputs are up-to-date.
         fontconvert.vcxproj -> C:\Users\jobla\Documents\Visual Studio 2010\Projects\fontconvert\Debug\fontconvert.exe
       FinalizeBuildStatus:
         Deleting file "Debug\fontconvert.unsuccessfulbuild".
         Touching "Debug\fontconvert.lastbuildstate".
     1>Done Building Project "C:\Users\jobla\Documents\Visual Studio 2010\Projects\fontconvert\fontconvert\fontconvert.vcxproj" (build target(s)).

Build succeeded.

Time Elapsed 00:00:00.55
